C:\USERS\JASON\DROPBOX\UNI\PROJECT!\MYBILLIARDS\MYBILLIARDS FINALVS2010\DEBUG\MYBILLIARDS FINAL.EXE
C:\USERS\JASON\DROPBOX\UNI\PROJECT!\MYBILLIARDS\MYBILLIARDS FINALVS2010\DEBUG\MYBILLIARDS FINAL.ILK
C:\USERS\JASON\DROPBOX\UNI\PROJECT!\MYBILLIARDS\MYBILLIARDS FINALVS2010\DEBUG\MYBILLIARDS FINAL.PDB
C:\USERS\JASON\DROPBOX\UNI\PROJECT!\MYBILLIARDS\MYBILLIARDS FINALVS2010\MYBILLIARDS FINAL\DEBUG\BALLS.OBJ
C:\Users\Jason\Dropbox\Uni\PROJECT!\MyBilliards\MyBilliards FinalVS2010\MyBilliards Final\Debug\cl.command.1.tlog
C:\Users\Jason\Dropbox\Uni\PROJECT!\MyBilliards\MyBilliards FinalVS2010\MyBilliards Final\Debug\CL.read.1.tlog
C:\Users\Jason\Dropbox\Uni\PROJECT!\MyBilliards\MyBilliards FinalVS2010\MyBilliards Final\Debug\CL.write.1.tlog
C:\USERS\JASON\DROPBOX\UNI\PROJECT!\MYBILLIARDS\MYBILLIARDS FINALVS2010\MYBILLIARDS FINAL\DEBUG\FSM.OBJ
C:\USERS\JASON\DROPBOX\UNI\PROJECT!\MYBILLIARDS\MYBILLIARDS FINALVS2010\MYBILLIARDS FINAL\DEBUG\GAMEOBJECTS.OBJ
C:\Users\Jason\Dropbox\Uni\PROJECT!\MyBilliards\MyBilliards FinalVS2010\MyBilliards Final\Debug\link.8000.read.1.tlog
C:\Users\Jason\Dropbox\Uni\PROJECT!\MyBilliards\MyBilliards FinalVS2010\MyBilliards Final\Debug\link.8000.write.1.tlog
C:\Users\Jason\Dropbox\Uni\PROJECT!\MyBilliards\MyBilliards FinalVS2010\MyBilliards Final\Debug\link.8000-cvtres.read.1.tlog
C:\Users\Jason\Dropbox\Uni\PROJECT!\MyBilliards\MyBilliards FinalVS2010\MyBilliards Final\Debug\link.8000-cvtres.write.1.tlog
C:\Users\Jason\Dropbox\Uni\PROJECT!\MyBilliards\MyBilliards FinalVS2010\MyBilliards Final\Debug\link.command.1.tlog
C:\Users\Jason\Dropbox\Uni\PROJECT!\MyBilliards\MyBilliards FinalVS2010\MyBilliards Final\Debug\link.read.1.tlog
C:\Users\Jason\Dropbox\Uni\PROJECT!\MyBilliards\MyBilliards FinalVS2010\MyBilliards Final\Debug\link.write.1.tlog
C:\Users\Jason\Dropbox\Uni\PROJECT!\MyBilliards\MyBilliards FinalVS2010\MyBilliards Final\Debug\link-cvtres.read.1.tlog
C:\Users\Jason\Dropbox\Uni\PROJECT!\MyBilliards\MyBilliards FinalVS2010\MyBilliards Final\Debug\link-cvtres.write.1.tlog
C:\Users\Jason\Dropbox\Uni\PROJECT!\MyBilliards\MyBilliards FinalVS2010\MyBilliards Final\Debug\mt.command.1.tlog
C:\Users\Jason\Dropbox\Uni\PROJECT!\MyBilliards\MyBilliards FinalVS2010\MyBilliards Final\Debug\mt.read.1.tlog
C:\Users\Jason\Dropbox\Uni\PROJECT!\MyBilliards\MyBilliards FinalVS2010\MyBilliards Final\Debug\mt.write.1.tlog
C:\Users\Jason\Dropbox\Uni\PROJECT!\MyBilliards\MyBilliards FinalVS2010\MyBilliards Final\Debug\MyBilliards Final.exe.embed.manifest
C:\USERS\JASON\DROPBOX\UNI\PROJECT!\MYBILLIARDS\MYBILLIARDS FINALVS2010\MYBILLIARDS FINAL\DEBUG\MYBILLIARDS FINAL.EXE.EMBED.MANIFEST.RES
C:\USERS\JASON\DROPBOX\UNI\PROJECT!\MYBILLIARDS\MYBILLIARDS FINALVS2010\MYBILLIARDS FINAL\DEBUG\MYBILLIARDS FINAL.EXE.INTERMEDIATE.MANIFEST
C:\Users\Jason\Dropbox\Uni\PROJECT!\MyBilliards\MyBilliards FinalVS2010\MyBilliards Final\Debug\MyBilliards Final_manifest.rc
C:\USERS\JASON\DROPBOX\UNI\PROJECT!\MYBILLIARDS\MYBILLIARDS FINALVS2010\MYBILLIARDS FINAL\DEBUG\OGL.OBJ
C:\Users\Jason\Dropbox\Uni\PROJECT!\MyBilliards\MyBilliards FinalVS2010\MyBilliards Final\Debug\rc.command.1.tlog
C:\Users\Jason\Dropbox\Uni\PROJECT!\MyBilliards\MyBilliards FinalVS2010\MyBilliards Final\Debug\rc.read.1.tlog
C:\Users\Jason\Dropbox\Uni\PROJECT!\MyBilliards\MyBilliards FinalVS2010\MyBilliards Final\Debug\rc.write.1.tlog
C:\Users\Jason\Dropbox\Uni\PROJECT!\MyBilliards\MyBilliards FinalVS2010\MyBilliards Final\Debug\vc100.idb
C:\USERS\JASON\DROPBOX\UNI\PROJECT!\MYBILLIARDS\MYBILLIARDS FINALVS2010\MYBILLIARDS FINAL\DEBUG\VC100.PDB
C:\USERS\JASON\DROPBOX\UNI\PROJECT!\MYBILLIARDS\MYBILLIARDS FINALVS2010\MYBILLIARDS FINAL\DEBUG\WINMAIN.OBJ
C:\USERS\JASON\DROPBOX\UNI\PROJECT!\MYBILLIARDSFINALVS2008\DEBUG\MYBILLIARDS FINAL.EXE
C:\USERS\JASON\DROPBOX\UNI\PROJECT!\MYBILLIARDSFINALVS2008\DEBUG\MYBILLIARDS FINAL.ILK
C:\USERS\JASON\DROPBOX\UNI\PROJECT!\MYBILLIARDSFINALVS2008\DEBUG\MYBILLIARDS FINAL.PDB
C:\USERS\JASON\DROPBOX\UNI\PROJECT!\MYBILLIARDSFINALVS2008\MYBILLIARDS FINAL\DEBUG\BALLS.OBJ
C:\USERS\JASON\DROPBOX\UNI\PROJECT!\MYBILLIARDSFINALVS2008\MYBILLIARDS FINAL\DEBUG\FSM.OBJ
C:\USERS\JASON\DROPBOX\UNI\PROJECT!\MYBILLIARDSFINALVS2008\MYBILLIARDS FINAL\DEBUG\GAMEOBJECTS.OBJ
C:\USERS\JASON\DROPBOX\UNI\PROJECT!\MYBILLIARDSFINALVS2008\MYBILLIARDS FINAL\DEBUG\MYBILLIARDS FINAL.EXE.EMBED.MANIFEST
C:\USERS\JASON\DROPBOX\UNI\PROJECT!\MYBILLIARDSFINALVS2008\MYBILLIARDS FINAL\DEBUG\MYBILLIARDS FINAL.EXE.EMBED.MANIFEST.RES
C:\USERS\JASON\DROPBOX\UNI\PROJECT!\MYBILLIARDSFINALVS2008\MYBILLIARDS FINAL\DEBUG\MYBILLIARDS FINAL.EXE.INTERMEDIATE.MANIFEST
C:\USERS\JASON\DROPBOX\UNI\PROJECT!\MYBILLIARDSFINALVS2008\MYBILLIARDS FINAL\DEBUG\OGL.OBJ
C:\USERS\JASON\DROPBOX\UNI\PROJECT!\MYBILLIARDSFINALVS2008\MYBILLIARDS FINAL\DEBUG\VC100.PDB
C:\USERS\JASON\DROPBOX\UNI\PROJECT!\MYBILLIARDSFINALVS2008\MYBILLIARDS FINAL\DEBUG\WINMAIN.OBJ
